<?xml version="1.0" encoding="UTF-8"?>
<!-- Generated by org.testng.reporters.JUnitXMLReporter -->
<testsuite ignored="0" hostname="DESKTOP-S344IQT" failures="1" tests="3" name="Test" time="8.824" errors="0" timestamp="2025-09-01T14:58:30 IST">
  <testcase classname="listenerPack.DemoListenersClass" name="testLogo" time="0.541">
    <failure type="java.lang.AssertionError" message="expected [true] but found [false]">
      <![CDATA[java.lang.AssertionError: expected [true] but found [false]
at listenerPack.DemoListenersClass.testLogo(DemoListenersClass.java:33)
at java.base/java.util.ArrayList.forEach(ArrayList.java:1597)
... Removed 32 stack frames]]>
    </failure>
  </testcase> <!-- testLogo -->
  <testcase classname="listenerPack.DemoListenersClass" name="testURL" time="0.009"/>
  <testcase classname="listenerPack.DemoListenersClass" name="testTitle" time="0.0">
    <skipped/>
  </testcase> <!-- testTitle -->
</testsuite> <!-- Test -->
